TN:
SF:server.js
FNF:0
FNH:0
DA:1,1
DA:2,1
DA:3,1
DA:4,1
DA:5,1
DA:6,1
DA:7,1
DA:8,1
DA:9,1
DA:10,1
LF:10
LH:10
BRDA:1,0,0,1
BRDA:6,1,0,1
BRF:2
BRH:2
end_of_record
TN:
SF:controllers\notesController.js
FN:5,exports.updateNote
FN:20,exports.getAllNotes
FN:26,exports.getNoteById
FN:34,exports.createNote
FN:56,exports.deleteNote
FNF:5
FNH:4
FNDA:0,exports.updateNote
FNDA:1,exports.getAllNotes
FNDA:1,exports.getNoteById
FNDA:5,exports.createNote
FNDA:1,exports.deleteNote
DA:1,1
DA:2,1
DA:3,1
DA:4,1
DA:5,1
DA:6,0
DA:7,0
DA:8,0
DA:9,0
DA:10,0
DA:11,0
DA:12,0
DA:13,0
DA:14,0
DA:15,0
DA:16,0
DA:17,0
DA:18,1
DA:19,1
DA:20,1
DA:21,1
DA:22,1
DA:23,1
DA:24,1
DA:25,1
DA:26,1
DA:27,1
DA:28,1
DA:29,1
DA:30,1
DA:31,0
DA:32,1
DA:33,1
DA:34,1
DA:35,5
DA:36,5
DA:37,5
DA:38,5
DA:39,5
DA:40,5
DA:41,5
DA:42,5
DA:43,0
DA:44,0
DA:45,5
DA:46,2
DA:47,2
DA:48,5
DA:49,0
DA:50,0
DA:51,3
DA:52,3
DA:53,3
DA:54,1
DA:55,1
DA:56,1
DA:57,1
DA:58,1
DA:59,1
DA:60,1
DA:61,1
LF:61
LH:44
BRDA:2,0,0,1
BRDA:20,1,0,1
BRDA:26,2,0,1
BRDA:31,3,0,0
BRDA:34,4,0,5
BRDA:35,5,0,0
BRDA:39,6,0,3
BRDA:39,7,0,2
BRDA:40,8,0,0
BRDA:42,9,0,2
BRDA:42,10,0,0
BRDA:45,11,0,2
BRDA:48,12,0,3
BRDA:48,13,0,0
BRDA:51,14,0,3
BRDA:56,15,0,1
BRDA:60,16,0,0
BRF:17
BRH:11
end_of_record
TN:
SF:routes\notesRoutes.js
FNF:0
FNH:0
DA:1,1
DA:2,1
DA:3,1
DA:4,1
DA:5,1
DA:6,1
DA:7,1
DA:8,1
DA:9,1
DA:10,1
LF:10
LH:10
BRDA:1,0,0,1
BRF:1
BRH:1
end_of_record
TN:
SF:services\notesService.js
FN:4,getNotes
FN:15,getNoteById
FN:21,createNote
FN:37,saveNotes
FN:41,deleteNote
FN:52,updateNote
FNF:6
FNH:5
FNDA:6,getNotes
FNDA:1,getNoteById
FNDA:3,createNote
FNDA:4,saveNotes
FNDA:1,deleteNote
FNDA:0,updateNote
DA:1,1
DA:2,1
DA:3,1
DA:4,6
DA:5,6
DA:6,6
DA:7,6
DA:8,6
DA:9,6
DA:10,6
DA:11,0
DA:12,0
DA:13,6
DA:14,1
DA:15,1
DA:16,1
DA:17,1
DA:18,1
DA:19,1
DA:20,1
DA:21,3
DA:22,3
DA:23,3
DA:24,3
DA:25,3
DA:26,3
DA:27,3
DA:28,3
DA:29,3
DA:30,3
DA:31,3
DA:32,3
DA:33,3
DA:34,3
DA:35,3
DA:36,1
DA:37,4
DA:38,4
DA:39,4
DA:40,1
DA:41,1
DA:42,1
DA:43,1
DA:44,0
DA:45,0
DA:46,1
DA:47,1
DA:48,1
DA:49,1
DA:50,1
DA:51,1
DA:52,0
DA:53,0
DA:54,0
DA:55,0
DA:56,0
DA:57,0
DA:58,0
DA:59,0
DA:60,0
DA:61,0
DA:62,0
DA:63,0
DA:64,1
DA:65,1
LF:65
LH:49
BRDA:1,0,0,1
BRDA:4,1,0,6
BRDA:9,2,0,0
BRDA:10,3,0,0
BRDA:15,4,0,1
BRDA:17,5,0,16
BRDA:21,6,0,3
BRDA:37,7,0,4
BRDA:41,8,0,1
BRDA:43,9,0,0
BRDA:43,10,0,19
BRDA:46,11,0,19
BRF:12
BRH:9
end_of_record
